[0929/115820.777:INFO:CONSOLE(0)] "A cookie associated with a cross-site resource at http://youtube.com/ was set without the `SameSite` attribute. A future release of Chrome will only deliver cookies with cross-site requests if they are set with `SameSite=None` and `Secure`. You can review cookies in developer tools under Application>Storage>Cookies and see more details at https://www.chromestatus.com/feature/5088147346030592 and https://www.chromestatus.com/feature/5633521622188032.", source: https://liberators.mutantbox.com/?micend=1 (0)
[0929/115823.372:INFO:CONSOLE(316)] "Uncaught [object Object]", source: https://apis.google.com/_/scs/apps-static/_/js/k=oz.gapi.en_US.rMJI4WR09CY.O/m=client/rt=j/sv=1/d=1/ed=1/am=wQE/rs=AGLTcCPRb_B1g8z3qIwl7l27GWLe47nxIA/cb=gapi.loaded_0 (316)
[0929/120015.092:INFO:CONSOLE(0)] "A cookie associated with a cross-site resource at http://youtube.com/ was set without the `SameSite` attribute. A future release of Chrome will only deliver cookies with cross-site requests if they are set with `SameSite=None` and `Secure`. You can review cookies in developer tools under Application>Storage>Cookies and see more details at https://www.chromestatus.com/feature/5088147346030592 and https://www.chromestatus.com/feature/5633521622188032.", source: https://liberators.mutantbox.com/?micend=1 (0)
[0929/120018.260:INFO:CONSOLE(316)] "Uncaught [object Object]", source: https://apis.google.com/_/scs/apps-static/_/js/k=oz.gapi.en_US.rMJI4WR09CY.O/m=client/rt=j/sv=1/d=1/ed=1/am=wQE/rs=AGLTcCPRb_B1g8z3qIwl7l27GWLe47nxIA/cb=gapi.loaded_0 (316)
[0929/120042.908:INFO:CONSOLE(0)] "A cookie associated with a cross-site resource at http://facebook.com/ was set without the `SameSite` attribute. A future release of Chrome will only deliver cookies with cross-site requests if they are set with `SameSite=None` and `Secure`. You can review cookies in developer tools under Application>Storage>Cookies and see more details at https://www.chromestatus.com/feature/5088147346030592 and https://www.chromestatus.com/feature/5633521622188032.", source: https://liberators.mutantbox.com/?micend=1 (0)
[0929/120043.490:INFO:CONSOLE(0)] "A cookie associated with a cross-site resource at http://youtube.com/ was set without the `SameSite` attribute. A future release of Chrome will only deliver cookies with cross-site requests if they are set with `SameSite=None` and `Secure`. You can review cookies in developer tools under Application>Storage>Cookies and see more details at https://www.chromestatus.com/feature/5088147346030592 and https://www.chromestatus.com/feature/5633521622188032.", source: https://liberators.mutantbox.com/?micend=1 (0)
[0929/120045.628:INFO:CONSOLE(316)] "Uncaught [object Object]", source: https://apis.google.com/_/scs/apps-static/_/js/k=oz.gapi.en_US.rMJI4WR09CY.O/m=client/rt=j/sv=1/d=1/ed=1/am=wQE/rs=AGLTcCPRb_B1g8z3qIwl7l27GWLe47nxIA/cb=gapi.loaded_0 (316)
[0929/120206.826:INFO:CONSOLE(0)] "A cookie associated with a cross-site resource at http://youtube.com/ was set without the `SameSite` attribute. A future release of Chrome will only deliver cookies with cross-site requests if they are set with `SameSite=None` and `Secure`. You can review cookies in developer tools under Application>Storage>Cookies and see more details at https://www.chromestatus.com/feature/5088147346030592 and https://www.chromestatus.com/feature/5633521622188032.", source: https://liberators.mutantbox.com/?micend=1 (0)
[0929/120207.339:ERROR:ssl_client_socket_impl.cc(959)] handshake failed; returned -1, SSL error code 1, net_error -100
[0929/120209.597:ERROR:ssl_client_socket_impl.cc(959)] handshake failed; returned -1, SSL error code 1, net_error -100
[0929/120209.605:ERROR:ssl_client_socket_impl.cc(959)] handshake failed; returned -1, SSL error code 1, net_error -100
[0929/120213.130:INFO:CONSOLE(316)] "Uncaught [object Object]", source: https://apis.google.com/_/scs/apps-static/_/js/k=oz.gapi.en_US.rMJI4WR09CY.O/m=client/rt=j/sv=1/d=1/ed=1/am=wQE/rs=AGLTcCPRb_B1g8z3qIwl7l27GWLe47nxIA/cb=gapi.loaded_0 (316)
[0929/121452.142:INFO:CONSOLE(0)] "A cookie associated with a cross-site resource at http://youtube.com/ was set without the `SameSite` attribute. A future release of Chrome will only deliver cookies with cross-site requests if they are set with `SameSite=None` and `Secure`. You can review cookies in developer tools under Application>Storage>Cookies and see more details at https://www.chromestatus.com/feature/5088147346030592 and https://www.chromestatus.com/feature/5633521622188032.", source: https://liberators.mutantbox.com/?micend=1 (0)
[0929/123941.052:INFO:CONSOLE(0)] "A cookie associated with a cross-site resource at http://youtube.com/ was set without the `SameSite` attribute. A future release of Chrome will only deliver cookies with cross-site requests if they are set with `SameSite=None` and `Secure`. You can review cookies in developer tools under Application>Storage>Cookies and see more details at https://www.chromestatus.com/feature/5088147346030592 and https://www.chromestatus.com/feature/5633521622188032.", source: https://liberators.mutantbox.com/?micend=1 (0)
[0929/123944.350:INFO:CONSOLE(316)] "Uncaught [object Object]", source: https://apis.google.com/_/scs/apps-static/_/js/k=oz.gapi.en_US.rMJI4WR09CY.O/m=client/rt=j/sv=1/d=1/ed=1/am=wQE/rs=AGLTcCPRb_B1g8z3qIwl7l27GWLe47nxIA/cb=gapi.loaded_0 (316)
[0929/123948.356:INFO:CONSOLE(4)] "login_fb.", source: https://ucenter.mutantbox.com/assets/js/main.js?v=20170913 (4)
[0929/123951.537:INFO:CONSOLE(6)] "response:", source: https://ucenter.mutantbox.com/assets/js/main.js?v=20170913 (6)
[0929/123951.538:INFO:CONSOLE(7)] "[object Object]", source: https://ucenter.mutantbox.com/assets/js/main.js?v=20170913 (7)
[0929/123951.538:INFO:CONSOLE(4)] "loginFacebookCallback:", source: https://liberators.mutantbox.com/?micend=1 (4)
[0929/123951.538:INFO:CONSOLE(4)] "0", source: https://liberators.mutantbox.com/?micend=1 (4)
[0929/123951.539:INFO:CONSOLE(59)] "Uncaught TypeError: Cannot read property 'accessToken' of undefined", source: https://connect.facebook.net/en_US/sdk.js?hash=ebf0104748db76d7d1fcd5445ab73fc0&ua=modern_es6 (59)
[0929/124002.584:INFO:CONSOLE(0)] "A cookie associated with a cross-site resource at http://facebook.com/ was set without the `SameSite` attribute. A future release of Chrome will only deliver cookies with cross-site requests if they are set with `SameSite=None` and `Secure`. You can review cookies in developer tools under Application>Storage>Cookies and see more details at https://www.chromestatus.com/feature/5088147346030592 and https://www.chromestatus.com/feature/5633521622188032.", source: https://liberators.mutantbox.com/?micend=1 (0)
[0929/124002.764:INFO:CONSOLE(0)] "A cookie associated with a cross-site resource at http://youtube.com/ was set without the `SameSite` attribute. A future release of Chrome will only deliver cookies with cross-site requests if they are set with `SameSite=None` and `Secure`. You can review cookies in developer tools under Application>Storage>Cookies and see more details at https://www.chromestatus.com/feature/5088147346030592 and https://www.chromestatus.com/feature/5633521622188032.", source: https://liberators.mutantbox.com/?micend=1 (0)
[0929/124005.089:WARNING:spdy_session.cc(3308)] Received WINDOW_UPDATE for invalid stream 91
[0929/124015.580:INFO:CONSOLE(0)] "A cookie associated with a cross-site resource at http://youtube.com/ was set without the `SameSite` attribute. A future release of Chrome will only deliver cookies with cross-site requests if they are set with `SameSite=None` and `Secure`. You can review cookies in developer tools under Application>Storage>Cookies and see more details at https://www.chromestatus.com/feature/5088147346030592 and https://www.chromestatus.com/feature/5633521622188032.", source: https://liberators.mutantbox.com/?micend=1 (0)
[0929/124020.501:INFO:CONSOLE(316)] "Uncaught [object Object]", source: https://apis.google.com/_/scs/apps-static/_/js/k=oz.gapi.en_US.rMJI4WR09CY.O/m=client/rt=j/sv=1/d=1/ed=1/am=wQE/rs=AGLTcCPRb_B1g8z3qIwl7l27GWLe47nxIA/cb=gapi.loaded_0 (316)
[0929/142617.552:ERROR:ssl_client_socket_impl.cc(959)] handshake failed; returned -1, SSL error code 1, net_error -100
[0929/142618.556:ERROR:ssl_client_socket_impl.cc(959)] handshake failed; returned -1, SSL error code 1, net_error -100
[0929/142632.031:ERROR:ssl_client_socket_impl.cc(959)] handshake failed; returned -1, SSL error code 1, net_error -100
[0929/142635.725:INFO:CONSOLE(4)] "login_fb.", source: https://ucenter.mutantbox.com/assets/js/main.js?v=20170913 (4)
[0929/142635.726:INFO:CONSOLE(5)] "Uncaught ReferenceError: FB is not defined", source: https://ucenter.mutantbox.com/assets/js/main.js?v=20170913 (5)
[0929/142638.612:ERROR:ssl_client_socket_impl.cc(959)] handshake failed; returned -1, SSL error code 1, net_error -100
[0929/142639.583:ERROR:ssl_client_socket_impl.cc(959)] handshake failed; returned -1, SSL error code 1, net_error -100
[0929/142639.861:ERROR:ssl_client_socket_impl.cc(959)] handshake failed; returned -1, SSL error code 1, net_error -100
[0929/142640.054:INFO:CONSOLE(59)] "Uncaught ReferenceError: gapi is not defined", source: https://connect.facebook.net/en_US/sdk.js?hash=3a346038311b52e761ea795f52fc2a6c&ua=modern_es6 (59)
[0929/142643.157:INFO:CONSOLE(4)] "login_fb.", source: https://ucenter.mutantbox.com/assets/js/main.js?v=20170913 (4)
[0929/142646.517:INFO:CONSOLE(0)] "
%cStop! font-family:helvetica; font-size:20px; font-size:50px; font-weight:bold; color:red; -webkit-text-stroke:1px black;", source:  (0)
[0929/142646.517:INFO:CONSOLE(0)] "
%cThis is a browser feature intended for developers. If someone told you to copy-paste something here to enable a Facebook feature or "hack" someone's account, it is a scam and will give them access to your Facebook account. font-family:helvetica; font-size:20px; ", source:  (0)
[0929/142646.517:INFO:CONSOLE(0)] "
%cSee https://www.facebook.com/selfxss for more information. font-family:helvetica; font-size:20px; ", source:  (0)
[0929/142646.517:INFO:CONSOLE(0)] "
%c ", source:  (0)
[0929/142647.013:INFO:CONSOLE(0)] "A cookie associated with a cross-site resource at https://facebook.com/ was set without the `SameSite` attribute. A future release of Chrome will only deliver cookies with cross-site requests if they are set with `SameSite=None` and `Secure`. You can review cookies in developer tools under Application>Storage>Cookies and see more details at https://www.chromestatus.com/feature/5088147346030592 and https://www.chromestatus.com/feature/5633521622188032.", source: https://liberators.mutantbox.com/?micend=1 (0)
[0929/142647.032:WARNING:spdy_session.cc(3308)] Received WINDOW_UPDATE for invalid stream 17
[0929/142647.032:WARNING:spdy_session.cc(3308)] Received WINDOW_UPDATE for invalid stream 19
[0929/142647.032:WARNING:spdy_session.cc(3308)] Received WINDOW_UPDATE for invalid stream 21
[0929/142647.032:WARNING:spdy_session.cc(3308)] Received WINDOW_UPDATE for invalid stream 5
[0929/142647.033:WARNING:spdy_session.cc(3365)] Received HEADERS for invalid stream 5
[0929/142647.033:WARNING:spdy_session.cc(3365)] Received HEADERS for invalid stream 33
[0929/142647.273:INFO:CONSOLE(6)] "response:", source: https://ucenter.mutantbox.com/assets/js/main.js?v=20170913 (6)
[0929/142647.273:INFO:CONSOLE(7)] "[object Object]", source: https://ucenter.mutantbox.com/assets/js/main.js?v=20170913 (7)
[0929/142647.274:INFO:CONSOLE(4)] "loginFacebookCallback:", source: https://liberators.mutantbox.com/?micend=1 (4)
[0929/142647.274:INFO:CONSOLE(4)] "0", source: https://liberators.mutantbox.com/?micend=1 (4)
[0929/142647.276:INFO:CONSOLE(0)] "A cookie associated with a cross-site resource at http://facebook.com/ was set without the `SameSite` attribute. A future release of Chrome will only deliver cookies with cross-site requests if they are set with `SameSite=None` and `Secure`. You can review cookies in developer tools under Application>Storage>Cookies and see more details at https://www.chromestatus.com/feature/5088147346030592 and https://www.chromestatus.com/feature/5633521622188032.", source: https://liberators.mutantbox.com/?micend=1 (0)
[0929/142647.276:INFO:CONSOLE(59)] "Uncaught TypeError: Cannot read property 'accessToken' of undefined", source: https://connect.facebook.net/en_US/sdk.js?hash=3a346038311b52e761ea795f52fc2a6c&ua=modern_es6 (59)
[0929/142647.457:ERROR:ssl_client_socket_impl.cc(959)] handshake failed; returned -1, SSL error code 1, net_error -100
[0929/142718.923:ERROR:ssl_client_socket_impl.cc(959)] handshake failed; returned -1, SSL error code 1, net_error -100
[0929/143247.458:INFO:CONSOLE(0)] "A cookie associated with a cross-site resource at http://youtube.com/ was set without the `SameSite` attribute. A future release of Chrome will only deliver cookies with cross-site requests if they are set with `SameSite=None` and `Secure`. You can review cookies in developer tools under Application>Storage>Cookies and see more details at https://www.chromestatus.com/feature/5088147346030592 and https://www.chromestatus.com/feature/5633521622188032.", source: https://liberators.mutantbox.com/?micend=1 (0)
[0929/143248.883:ERROR:ssl_client_socket_impl.cc(959)] handshake failed; returned -1, SSL error code 1, net_error -100
[0929/143249.950:ERROR:ssl_client_socket_impl.cc(959)] handshake failed; returned -1, SSL error code 1, net_error -100
[0929/143252.031:ERROR:broker_win.cc(141)] Error sending sync broker message: 管道正在被关闭。 (0xE8)
